Tue, 11 Aug 2015 19:01:34 main.py[line:210] INFO /*-----------------------------------*/
Tue, 11 Aug 2015 19:01:34 main.py[line:211] INFO /*--begin to init data--*/
Tue, 11 Aug 2015 19:01:34 main.py[line:187] INFO visited_user.dat is None!!
Tue, 11 Aug 2015 19:01:34 main.py[line:187] INFO visited_MatchID.dat is None!!
Tue, 11 Aug 2015 19:01:34 main.py[line:187] INFO deque_user.dat is None!!
Tue, 11 Aug 2015 19:01:34 main.py[line:187] INFO deque_MatchID.dat is None!!
Tue, 11 Aug 2015 19:01:34 main.py[line:218] INFO initing user queue..
Tue, 11 Aug 2015 19:01:34 main.py[line:219] INFO 0 users have been done
Tue, 11 Aug 2015 19:01:34 main.py[line:220] INFO the current lengh of user_sequence is 0
Tue, 11 Aug 2015 19:01:34 main.py[line:221] INFO 0 matches have been recorded
Tue, 11 Aug 2015 19:01:34 main.py[line:222] INFO the current lengh of deque_MatchID is 0
Tue, 11 Aug 2015 19:01:34 main.py[line:223] INFO /*-----------------------------------*/
Tue, 11 Aug 2015 19:01:34 main.py[line:235] INFO init_dat ok... 
Tue, 11 Aug 2015 19:01:34 main.py[line:239] INFO start_user_point get value:三纷绣气
Tue, 11 Aug 2015 19:01:34 main.py[line:240] INFO begin to crawl data ... 
Tue, 11 Aug 2015 19:01:34 main.py[line:103] INFO Starting.....
Tue, 11 Aug 2015 19:01:41 main.py[line:158] INFO new deque_user,deque_MatchID,visited_user,visited_MatchID have been recorded
Tue, 11 Aug 2015 19:01:41 main.py[line:244] INFO Done
Tue, 11 Aug 2015 19:04:20 main.py[line:210] INFO /*-----------------------------------*/
Tue, 11 Aug 2015 19:04:20 main.py[line:211] INFO /*--begin to init data--*/
Tue, 11 Aug 2015 19:04:20 main.py[line:185] INFO visited_user.dat inited ok
Tue, 11 Aug 2015 19:04:20 main.py[line:185] INFO visited_MatchID.dat inited ok
Tue, 11 Aug 2015 19:04:20 main.py[line:185] INFO deque_user.dat inited ok
Tue, 11 Aug 2015 19:04:20 main.py[line:187] INFO deque_MatchID.dat is None!!
Tue, 11 Aug 2015 19:04:20 main.py[line:218] INFO initing user queue..
Tue, 11 Aug 2015 19:04:20 main.py[line:219] INFO 1 users have been done
Tue, 11 Aug 2015 19:04:20 main.py[line:220] INFO the current lengh of user_sequence is 110
Tue, 11 Aug 2015 19:04:20 main.py[line:221] INFO 21 matches have been recorded
Tue, 11 Aug 2015 19:04:20 main.py[line:222] INFO the current lengh of deque_MatchID is 0
Tue, 11 Aug 2015 19:04:20 main.py[line:223] INFO /*-----------------------------------*/
Tue, 11 Aug 2015 19:04:20 main.py[line:235] INFO init_dat ok... 
Tue, 11 Aug 2015 19:04:20 main.py[line:239] INFO start_user_point get value:Zz丨Aunty丶yiNg
Tue, 11 Aug 2015 19:04:20 main.py[line:240] INFO begin to crawl data ... 
Tue, 11 Aug 2015 19:04:20 main.py[line:103] INFO Starting.....
Tue, 11 Aug 2015 19:04:25 main.py[line:158] INFO new deque_user,deque_MatchID,visited_user,visited_MatchID have been recorded
Tue, 11 Aug 2015 19:04:25 main.py[line:244] INFO Done
