Tue, 11 Aug 2015 19:01:34 main.py[line:210] INFO /*-----------------------------------*/
Tue, 11 Aug 2015 19:01:34 main.py[line:211] INFO /*--begin to init data--*/
Tue, 11 Aug 2015 19:01:34 main.py[line:187] INFO visited_user.dat is None!!
Tue, 11 Aug 2015 19:01:34 main.py[line:187] INFO visited_MatchID.dat is None!!
Tue, 11 Aug 2015 19:01:34 main.py[line:187] INFO deque_user.dat is None!!
Tue, 11 Aug 2015 19:01:34 main.py[line:187] INFO deque_MatchID.dat is None!!
Tue, 11 Aug 2015 19:01:34 main.py[line:218] INFO initing user queue..
Tue, 11 Aug 2015 19:01:34 main.py[line:219] INFO 0 users have been done
Tue, 11 Aug 2015 19:01:34 main.py[line:220] INFO the current lengh of user_sequence is 0
Tue, 11 Aug 2015 19:01:34 main.py[line:221] INFO 0 matches have been recorded
Tue, 11 Aug 2015 19:01:34 main.py[line:222] INFO the current lengh of deque_MatchID is 0
Tue, 11 Aug 2015 19:01:34 main.py[line:223] INFO /*-----------------------------------*/
Tue, 11 Aug 2015 19:01:34 main.py[line:235] INFO init_dat ok... 
Tue, 11 Aug 2015 19:01:34 main.py[line:239] INFO start_user_point get value:三纷绣气
Tue, 11 Aug 2015 19:01:34 main.py[line:240] INFO begin to crawl data ... 
Tue, 11 Aug 2015 19:01:34 main.py[line:103] INFO Starting.....
Tue, 11 Aug 2015 19:01:41 main.py[line:158] INFO new deque_user,deque_MatchID,visited_user,visited_MatchID have been recorded
Tue, 11 Aug 2015 19:01:41 main.py[line:244] INFO Done
Tue, 11 Aug 2015 19:04:20 main.py[line:210] INFO /*-----------------------------------*/
Tue, 11 Aug 2015 19:04:20 main.py[line:211] INFO /*--begin to init data--*/
Tue, 11 Aug 2015 19:04:20 main.py[line:185] INFO visited_user.dat inited ok
Tue, 11 Aug 2015 19:04:20 main.py[line:185] INFO visited_MatchID.dat inited ok
Tue, 11 Aug 2015 19:04:20 main.py[line:185] INFO deque_user.dat inited ok
Tue, 11 Aug 2015 19:04:20 main.py[line:187] INFO deque_MatchID.dat is None!!
Tue, 11 Aug 2015 19:04:20 main.py[line:218] INFO initing user queue..
Tue, 11 Aug 2015 19:04:20 main.py[line:219] INFO 1 users have been done
Tue, 11 Aug 2015 19:04:20 main.py[line:220] INFO the current lengh of user_sequence is 110
Tue, 11 Aug 2015 19:04:20 main.py[line:221] INFO 21 matches have been recorded
Tue, 11 Aug 2015 19:04:20 main.py[line:222] INFO the current lengh of deque_MatchID is 0
Tue, 11 Aug 2015 19:04:20 main.py[line:223] INFO /*-----------------------------------*/
Tue, 11 Aug 2015 19:04:20 main.py[line:235] INFO init_dat ok... 
Tue, 11 Aug 2015 19:04:20 main.py[line:239] INFO start_user_point get value:Zz丨Aunty丶yiNg
Tue, 11 Aug 2015 19:04:20 main.py[line:240] INFO begin to crawl data ... 
Tue, 11 Aug 2015 19:04:20 main.py[line:103] INFO Starting.....
Tue, 11 Aug 2015 19:04:25 main.py[line:158] INFO new deque_user,deque_MatchID,visited_user,visited_MatchID have been recorded
Tue, 11 Aug 2015 19:04:25 main.py[line:244] INFO Done
Wed, 12 Aug 2015 00:38:29 main.py[line:210] INFO /*-----------------------------------*/
Wed, 12 Aug 2015 00:38:29 main.py[line:211] INFO /*--begin to init data--*/
Wed, 12 Aug 2015 00:38:29 main.py[line:185] INFO visited_user.dat inited ok
Wed, 12 Aug 2015 00:38:29 main.py[line:185] INFO visited_MatchID.dat inited ok
Wed, 12 Aug 2015 00:38:29 main.py[line:185] INFO deque_user.dat inited ok
Wed, 12 Aug 2015 00:38:29 main.py[line:187] INFO deque_MatchID.dat is None!!
Wed, 12 Aug 2015 00:38:29 main.py[line:218] INFO initing user queue..
Wed, 12 Aug 2015 00:38:29 main.py[line:219] INFO 2 users have been done
Wed, 12 Aug 2015 00:38:29 main.py[line:220] INFO the current lengh of user_sequence is 210
Wed, 12 Aug 2015 00:38:29 main.py[line:221] INFO 35 matches have been recorded
Wed, 12 Aug 2015 00:38:29 main.py[line:222] INFO the current lengh of deque_MatchID is 0
Wed, 12 Aug 2015 00:38:29 main.py[line:223] INFO /*-----------------------------------*/
Wed, 12 Aug 2015 00:38:29 main.py[line:235] INFO init_dat ok... 
Wed, 12 Aug 2015 00:38:29 main.py[line:239] INFO start_user_point get value:cArry艾尼维亚
Wed, 12 Aug 2015 00:38:29 main.py[line:240] INFO begin to crawl data ... 
Wed, 12 Aug 2015 00:38:29 main.py[line:103] INFO Starting.....
Wed, 12 Aug 2015 00:38:37 main.py[line:158] INFO new deque_user,deque_MatchID,visited_user,visited_MatchID have been recorded
Wed, 12 Aug 2015 00:38:37 main.py[line:244] INFO Done
Wed, 12 Aug 2015 00:56:56 main.py[line:210] INFO /*-----------------------------------*/
Wed, 12 Aug 2015 00:56:56 main.py[line:211] INFO /*--begin to init data--*/
Wed, 12 Aug 2015 00:56:56 main.py[line:185] INFO visited_user.dat inited ok
Wed, 12 Aug 2015 00:56:56 main.py[line:185] INFO visited_MatchID.dat inited ok
Wed, 12 Aug 2015 00:56:56 main.py[line:185] INFO deque_user.dat inited ok
Wed, 12 Aug 2015 00:56:56 main.py[line:187] INFO deque_MatchID.dat is None!!
Wed, 12 Aug 2015 00:56:56 main.py[line:218] INFO initing user queue..
Wed, 12 Aug 2015 00:56:56 main.py[line:219] INFO 3 users have been done
Wed, 12 Aug 2015 00:56:56 main.py[line:220] INFO the current lengh of user_sequence is 320
Wed, 12 Aug 2015 00:56:56 main.py[line:221] INFO 51 matches have been recorded
Wed, 12 Aug 2015 00:56:56 main.py[line:222] INFO the current lengh of deque_MatchID is 0
Wed, 12 Aug 2015 00:56:56 main.py[line:223] INFO /*-----------------------------------*/
Wed, 12 Aug 2015 00:56:56 main.py[line:235] INFO init_dat ok... 
Wed, 12 Aug 2015 00:56:56 main.py[line:239] INFO start_user_point get value:Zz丨Gucci丶ViruS
Wed, 12 Aug 2015 00:56:56 main.py[line:240] INFO begin to crawl data ... 
Wed, 12 Aug 2015 00:56:56 main.py[line:103] INFO Starting.....
Wed, 12 Aug 2015 00:57:04 main.py[line:158] INFO new deque_user,deque_MatchID,visited_user,visited_MatchID have been recorded
Wed, 12 Aug 2015 00:57:11 main.py[line:158] INFO new deque_user,deque_MatchID,visited_user,visited_MatchID have been recorded
Wed, 12 Aug 2015 00:57:13 main.py[line:158] INFO new deque_user,deque_MatchID,visited_user,visited_MatchID have been recorded
Wed, 12 Aug 2015 00:57:15 main.py[line:158] INFO new deque_user,deque_MatchID,visited_user,visited_MatchID have been recorded
Wed, 12 Aug 2015 00:57:24 main.py[line:158] INFO new deque_user,deque_MatchID,visited_user,visited_MatchID have been recorded
Wed, 12 Aug 2015 00:57:28 main.py[line:158] INFO new deque_user,deque_MatchID,visited_user,visited_MatchID have been recorded
Wed, 12 Aug 2015 00:57:35 main.py[line:158] INFO new deque_user,deque_MatchID,visited_user,visited_MatchID have been recorded
Wed, 12 Aug 2015 00:57:43 main.py[line:158] INFO new deque_user,deque_MatchID,visited_user,visited_MatchID have been recorded
Wed, 12 Aug 2015 00:57:55 main.py[line:158] INFO new deque_user,deque_MatchID,visited_user,visited_MatchID have been recorded
Wed, 12 Aug 2015 00:58:04 main.py[line:158] INFO new deque_user,deque_MatchID,visited_user,visited_MatchID have been recorded
Wed, 12 Aug 2015 00:58:14 main.py[line:158] INFO new deque_user,deque_MatchID,visited_user,visited_MatchID have been recorded
Wed, 12 Aug 2015 00:58:14 main.py[line:244] INFO Done
Wed, 12 Aug 2015 01:01:16 main.py[line:210] INFO /*-----------------------------------*/
Wed, 12 Aug 2015 01:01:16 main.py[line:211] INFO /*--begin to init data--*/
Wed, 12 Aug 2015 01:01:16 main.py[line:185] INFO visited_user.dat inited ok
Wed, 12 Aug 2015 01:01:16 main.py[line:185] INFO visited_MatchID.dat inited ok
Wed, 12 Aug 2015 01:01:16 main.py[line:185] INFO deque_user.dat inited ok
Wed, 12 Aug 2015 01:01:16 main.py[line:187] INFO deque_MatchID.dat is None!!
Wed, 12 Aug 2015 01:01:16 main.py[line:218] INFO initing user queue..
Wed, 12 Aug 2015 01:01:16 main.py[line:219] INFO 14 users have been done
Wed, 12 Aug 2015 01:01:16 main.py[line:220] INFO the current lengh of user_sequence is 1452
Wed, 12 Aug 2015 01:01:16 main.py[line:221] INFO 205 matches have been recorded
Wed, 12 Aug 2015 01:01:16 main.py[line:222] INFO the current lengh of deque_MatchID is 0
Wed, 12 Aug 2015 01:01:16 main.py[line:223] INFO /*-----------------------------------*/
Wed, 12 Aug 2015 01:01:16 main.py[line:235] INFO init_dat ok... 
Wed, 12 Aug 2015 01:01:16 main.py[line:239] INFO start_user_point get value:落日戏水
Wed, 12 Aug 2015 01:01:16 main.py[line:240] INFO begin to crawl data ... 
Wed, 12 Aug 2015 01:01:16 main.py[line:103] INFO Starting.....
Wed, 12 Aug 2015 01:01:18 main.py[line:158] INFO new deque_user,deque_MatchID,visited_user,visited_MatchID have been recorded
Wed, 12 Aug 2015 01:01:26 main.py[line:158] INFO new deque_user,deque_MatchID,visited_user,visited_MatchID have been recorded
Wed, 12 Aug 2015 01:01:31 main.py[line:158] INFO new deque_user,deque_MatchID,visited_user,visited_MatchID have been recorded
Wed, 12 Aug 2015 01:01:42 main.py[line:158] INFO new deque_user,deque_MatchID,visited_user,visited_MatchID have been recorded
Wed, 12 Aug 2015 01:01:49 main.py[line:158] INFO new deque_user,deque_MatchID,visited_user,visited_MatchID have been recorded
Wed, 12 Aug 2015 01:01:59 main.py[line:158] INFO new deque_user,deque_MatchID,visited_user,visited_MatchID have been recorded
Wed, 12 Aug 2015 01:02:09 main.py[line:158] INFO new deque_user,deque_MatchID,visited_user,visited_MatchID have been recorded
Wed, 12 Aug 2015 01:02:14 main.py[line:158] INFO new deque_user,deque_MatchID,visited_user,visited_MatchID have been recorded
Wed, 12 Aug 2015 01:02:20 main.py[line:158] INFO new deque_user,deque_MatchID,visited_user,visited_MatchID have been recorded
Wed, 12 Aug 2015 01:02:28 main.py[line:158] INFO new deque_user,deque_MatchID,visited_user,visited_MatchID have been recorded
Wed, 12 Aug 2015 01:02:39 main.py[line:158] INFO new deque_user,deque_MatchID,visited_user,visited_MatchID have been recorded
Wed, 12 Aug 2015 01:02:39 main.py[line:244] INFO Done
Wed, 12 Aug 2015 01:13:23 main.py[line:210] INFO /*-----------------------------------*/
Wed, 12 Aug 2015 01:13:23 main.py[line:211] INFO /*--begin to init data--*/
Wed, 12 Aug 2015 01:13:23 main.py[line:185] INFO visited_user.dat inited ok
Wed, 12 Aug 2015 01:13:23 main.py[line:185] INFO visited_MatchID.dat inited ok
Wed, 12 Aug 2015 01:13:23 main.py[line:185] INFO deque_user.dat inited ok
Wed, 12 Aug 2015 01:13:23 main.py[line:187] INFO deque_MatchID.dat is None!!
Wed, 12 Aug 2015 01:13:23 main.py[line:218] INFO initing user queue..
Wed, 12 Aug 2015 01:13:23 main.py[line:219] INFO 25 users have been done
Wed, 12 Aug 2015 01:13:23 main.py[line:220] INFO the current lengh of user_sequence is 2764
Wed, 12 Aug 2015 01:13:23 main.py[line:221] INFO 369 matches have been recorded
Wed, 12 Aug 2015 01:13:23 main.py[line:222] INFO the current lengh of deque_MatchID is 0
Wed, 12 Aug 2015 01:13:23 main.py[line:223] INFO /*-----------------------------------*/
Wed, 12 Aug 2015 01:13:23 main.py[line:235] INFO init_dat ok... 
Wed, 12 Aug 2015 01:13:23 main.py[line:239] INFO start_user_point get value:慧心漫雪
Wed, 12 Aug 2015 01:13:23 main.py[line:240] INFO begin to crawl data ... 
Wed, 12 Aug 2015 01:13:23 main.py[line:103] INFO Starting.....
Wed, 12 Aug 2015 01:13:31 main.py[line:158] INFO new deque_user,deque_MatchID,visited_user,visited_MatchID have been recorded
Wed, 12 Aug 2015 01:13:42 main.py[line:158] INFO new deque_user,deque_MatchID,visited_user,visited_MatchID have been recorded
Wed, 12 Aug 2015 01:13:52 main.py[line:158] INFO new deque_user,deque_MatchID,visited_user,visited_MatchID have been recorded
Wed, 12 Aug 2015 01:13:56 main.py[line:158] INFO new deque_user,deque_MatchID,visited_user,visited_MatchID have been recorded
Wed, 12 Aug 2015 01:14:04 main.py[line:158] INFO new deque_user,deque_MatchID,visited_user,visited_MatchID have been recorded
Wed, 12 Aug 2015 01:14:11 main.py[line:158] INFO new deque_user,deque_MatchID,visited_user,visited_MatchID have been recorded
Wed, 12 Aug 2015 01:14:21 main.py[line:158] INFO new deque_user,deque_MatchID,visited_user,visited_MatchID have been recorded
Wed, 12 Aug 2015 01:14:30 main.py[line:158] INFO new deque_user,deque_MatchID,visited_user,visited_MatchID have been recorded
Wed, 12 Aug 2015 01:14:39 main.py[line:158] INFO new deque_user,deque_MatchID,visited_user,visited_MatchID have been recorded
Wed, 12 Aug 2015 01:14:46 main.py[line:158] INFO new deque_user,deque_MatchID,visited_user,visited_MatchID have been recorded
Wed, 12 Aug 2015 01:14:57 main.py[line:158] INFO new deque_user,deque_MatchID,visited_user,visited_MatchID have been recorded
Wed, 12 Aug 2015 01:15:04 main.py[line:158] INFO new deque_user,deque_MatchID,visited_user,visited_MatchID have been recorded
Wed, 12 Aug 2015 01:15:14 main.py[line:158] INFO new deque_user,deque_MatchID,visited_user,visited_MatchID have been recorded
Wed, 12 Aug 2015 01:15:21 main.py[line:158] INFO new deque_user,deque_MatchID,visited_user,visited_MatchID have been recorded
Wed, 12 Aug 2015 01:15:29 main.py[line:158] INFO new deque_user,deque_MatchID,visited_user,visited_MatchID have been recorded
Wed, 12 Aug 2015 01:15:33 main.py[line:158] INFO new deque_user,deque_MatchID,visited_user,visited_MatchID have been recorded
Wed, 12 Aug 2015 01:15:44 main.py[line:158] INFO new deque_user,deque_MatchID,visited_user,visited_MatchID have been recorded
Wed, 12 Aug 2015 01:15:51 main.py[line:158] INFO new deque_user,deque_MatchID,visited_user,visited_MatchID have been recorded
Wed, 12 Aug 2015 01:16:01 main.py[line:158] INFO new deque_user,deque_MatchID,visited_user,visited_MatchID have been recorded
Wed, 12 Aug 2015 01:16:10 main.py[line:158] INFO new deque_user,deque_MatchID,visited_user,visited_MatchID have been recorded
Wed, 12 Aug 2015 01:16:20 main.py[line:158] INFO new deque_user,deque_MatchID,visited_user,visited_MatchID have been recorded
Wed, 12 Aug 2015 01:16:27 main.py[line:158] INFO new deque_user,deque_MatchID,visited_user,visited_MatchID have been recorded
Wed, 12 Aug 2015 01:16:34 main.py[line:158] INFO new deque_user,deque_MatchID,visited_user,visited_MatchID have been recorded
Wed, 12 Aug 2015 01:26:16 main.py[line:214] INFO /*-----------------------------------*/
Wed, 12 Aug 2015 01:26:16 main.py[line:215] INFO /*--begin to init data--*/
Wed, 12 Aug 2015 01:26:16 main.py[line:189] INFO visited_user.dat inited ok
Wed, 12 Aug 2015 01:26:16 main.py[line:189] INFO visited_MatchID.dat inited ok
Wed, 12 Aug 2015 01:26:16 main.py[line:189] INFO deque_user.dat inited ok
Wed, 12 Aug 2015 01:26:16 main.py[line:191] INFO deque_MatchID.dat is None!!
Wed, 12 Aug 2015 01:26:16 main.py[line:222] INFO initing user queue..
Wed, 12 Aug 2015 01:26:16 main.py[line:223] INFO 48 users have been done
Wed, 12 Aug 2015 01:26:16 main.py[line:224] INFO the current lengh of user_sequence is 5679
Wed, 12 Aug 2015 01:26:16 main.py[line:225] INFO 762 matches have been recorded
Wed, 12 Aug 2015 01:26:16 main.py[line:226] INFO the current lengh of deque_MatchID is 0
Wed, 12 Aug 2015 01:26:16 main.py[line:227] INFO /*-----------------------------------*/
Wed, 12 Aug 2015 01:26:16 main.py[line:239] INFO init_dat ok... 
Wed, 12 Aug 2015 01:26:16 main.py[line:243] INFO start_user_point get value:哥双手插兜
Wed, 12 Aug 2015 01:26:16 main.py[line:244] INFO begin to crawl data ... 
Wed, 12 Aug 2015 01:26:16 main.py[line:105] INFO Starting.....
Wed, 12 Aug 2015 01:26:28 main.py[line:162] INFO new deque_user,deque_MatchID,visited_user,visited_MatchID have been recorded
Wed, 12 Aug 2015 01:26:35 main.py[line:162] INFO new deque_user,deque_MatchID,visited_user,visited_MatchID have been recorded
Wed, 12 Aug 2015 01:26:43 main.py[line:162] INFO new deque_user,deque_MatchID,visited_user,visited_MatchID have been recorded
Wed, 12 Aug 2015 01:26:53 main.py[line:162] INFO new deque_user,deque_MatchID,visited_user,visited_MatchID have been recorded
Wed, 12 Aug 2015 01:27:01 main.py[line:162] INFO new deque_user,deque_MatchID,visited_user,visited_MatchID have been recorded
Wed, 12 Aug 2015 01:27:09 main.py[line:162] INFO new deque_user,deque_MatchID,visited_user,visited_MatchID have been recorded
Wed, 12 Aug 2015 01:27:14 main.py[line:162] INFO new deque_user,deque_MatchID,visited_user,visited_MatchID have been recorded
Wed, 12 Aug 2015 01:27:25 main.py[line:162] INFO new deque_user,deque_MatchID,visited_user,visited_MatchID have been recorded
Wed, 12 Aug 2015 01:27:34 main.py[line:162] INFO new deque_user,deque_MatchID,visited_user,visited_MatchID have been recorded
Wed, 12 Aug 2015 01:27:43 main.py[line:162] INFO new deque_user,deque_MatchID,visited_user,visited_MatchID have been recorded
Wed, 12 Aug 2015 01:27:51 main.py[line:162] INFO new deque_user,deque_MatchID,visited_user,visited_MatchID have been recorded
Wed, 12 Aug 2015 01:27:56 main.py[line:162] INFO new deque_user,deque_MatchID,visited_user,visited_MatchID have been recorded
Wed, 12 Aug 2015 01:28:04 main.py[line:162] INFO new deque_user,deque_MatchID,visited_user,visited_MatchID have been recorded
Wed, 12 Aug 2015 01:28:12 main.py[line:162] INFO new deque_user,deque_MatchID,visited_user,visited_MatchID have been recorded
Wed, 12 Aug 2015 01:28:20 main.py[line:162] INFO new deque_user,deque_MatchID,visited_user,visited_MatchID have been recorded
Wed, 12 Aug 2015 01:28:26 main.py[line:162] INFO new deque_user,deque_MatchID,visited_user,visited_MatchID have been recorded
Wed, 12 Aug 2015 01:28:29 main.py[line:162] INFO new deque_user,deque_MatchID,visited_user,visited_MatchID have been recorded
Wed, 12 Aug 2015 01:28:40 main.py[line:162] INFO new deque_user,deque_MatchID,visited_user,visited_MatchID have been recorded
Wed, 12 Aug 2015 01:28:50 main.py[line:162] INFO new deque_user,deque_MatchID,visited_user,visited_MatchID have been recorded
Wed, 12 Aug 2015 01:28:59 main.py[line:162] INFO new deque_user,deque_MatchID,visited_user,visited_MatchID have been recorded
Wed, 12 Aug 2015 01:29:07 main.py[line:162] INFO new deque_user,deque_MatchID,visited_user,visited_MatchID have been recorded
Wed, 12 Aug 2015 01:29:14 main.py[line:162] INFO new deque_user,deque_MatchID,visited_user,visited_MatchID have been recorded
Wed, 12 Aug 2015 01:29:22 main.py[line:162] INFO new deque_user,deque_MatchID,visited_user,visited_MatchID have been recorded
Wed, 12 Aug 2015 01:29:29 main.py[line:162] INFO new deque_user,deque_MatchID,visited_user,visited_MatchID have been recorded
Wed, 12 Aug 2015 01:29:37 main.py[line:162] INFO new deque_user,deque_MatchID,visited_user,visited_MatchID have been recorded
Wed, 12 Aug 2015 01:29:43 main.py[line:162] INFO new deque_user,deque_MatchID,visited_user,visited_MatchID have been recorded
Wed, 12 Aug 2015 01:29:50 main.py[line:162] INFO new deque_user,deque_MatchID,visited_user,visited_MatchID have been recorded
Wed, 12 Aug 2015 01:29:57 main.py[line:162] INFO new deque_user,deque_MatchID,visited_user,visited_MatchID have been recorded
Wed, 12 Aug 2015 01:30:05 main.py[line:162] INFO new deque_user,deque_MatchID,visited_user,visited_MatchID have been recorded
Wed, 12 Aug 2015 01:30:07 main.py[line:162] INFO new deque_user,deque_MatchID,visited_user,visited_MatchID have been recorded
Wed, 12 Aug 2015 01:30:14 main.py[line:162] INFO new deque_user,deque_MatchID,visited_user,visited_MatchID have been recorded
Wed, 12 Aug 2015 01:30:18 main.py[line:162] INFO new deque_user,deque_MatchID,visited_user,visited_MatchID have been recorded
Wed, 12 Aug 2015 01:30:25 main.py[line:162] INFO new deque_user,deque_MatchID,visited_user,visited_MatchID have been recorded
Wed, 12 Aug 2015 01:30:28 main.py[line:162] INFO new deque_user,deque_MatchID,visited_user,visited_MatchID have been recorded
Wed, 12 Aug 2015 01:30:37 main.py[line:162] INFO new deque_user,deque_MatchID,visited_user,visited_MatchID have been recorded
Wed, 12 Aug 2015 01:30:48 main.py[line:162] INFO new deque_user,deque_MatchID,visited_user,visited_MatchID have been recorded
Wed, 12 Aug 2015 01:30:57 main.py[line:162] INFO new deque_user,deque_MatchID,visited_user,visited_MatchID have been recorded
Wed, 12 Aug 2015 01:31:06 main.py[line:162] INFO new deque_user,deque_MatchID,visited_user,visited_MatchID have been recorded
Wed, 12 Aug 2015 01:31:12 main.py[line:162] INFO new deque_user,deque_MatchID,visited_user,visited_MatchID have been recorded
Wed, 12 Aug 2015 01:31:20 main.py[line:162] INFO new deque_user,deque_MatchID,visited_user,visited_MatchID have been recorded
Wed, 12 Aug 2015 01:31:29 main.py[line:162] INFO new deque_user,deque_MatchID,visited_user,visited_MatchID have been recorded
Wed, 12 Aug 2015 01:31:38 main.py[line:162] INFO new deque_user,deque_MatchID,visited_user,visited_MatchID have been recorded
Wed, 12 Aug 2015 01:31:43 main.py[line:162] INFO new deque_user,deque_MatchID,visited_user,visited_MatchID have been recorded
Wed, 12 Aug 2015 01:31:45 main.py[line:162] INFO new deque_user,deque_MatchID,visited_user,visited_MatchID have been recorded
Wed, 12 Aug 2015 01:31:53 main.py[line:162] INFO new deque_user,deque_MatchID,visited_user,visited_MatchID have been recorded
Wed, 12 Aug 2015 01:31:53 main.py[line:162] INFO new deque_user,deque_MatchID,visited_user,visited_MatchID have been recorded
Wed, 12 Aug 2015 01:31:55 main.py[line:162] INFO new deque_user,deque_MatchID,visited_user,visited_MatchID have been recorded
Wed, 12 Aug 2015 01:31:59 main.py[line:162] INFO new deque_user,deque_MatchID,visited_user,visited_MatchID have been recorded
Wed, 12 Aug 2015 01:32:07 main.py[line:162] INFO new deque_user,deque_MatchID,visited_user,visited_MatchID have been recorded
Wed, 12 Aug 2015 01:32:14 main.py[line:162] INFO new deque_user,deque_MatchID,visited_user,visited_MatchID have been recorded
Wed, 12 Aug 2015 01:32:20 main.py[line:162] INFO new deque_user,deque_MatchID,visited_user,visited_MatchID have been recorded
Wed, 12 Aug 2015 01:32:20 main.py[line:162] INFO new deque_user,deque_MatchID,visited_user,visited_MatchID have been recorded
Wed, 12 Aug 2015 01:32:31 main.py[line:162] INFO new deque_user,deque_MatchID,visited_user,visited_MatchID have been recorded
Wed, 12 Aug 2015 01:32:40 main.py[line:162] INFO new deque_user,deque_MatchID,visited_user,visited_MatchID have been recorded
Wed, 12 Aug 2015 01:32:48 main.py[line:162] INFO new deque_user,deque_MatchID,visited_user,visited_MatchID have been recorded
Wed, 12 Aug 2015 01:32:56 main.py[line:162] INFO new deque_user,deque_MatchID,visited_user,visited_MatchID have been recorded
Wed, 12 Aug 2015 01:33:04 main.py[line:162] INFO new deque_user,deque_MatchID,visited_user,visited_MatchID have been recorded
Wed, 12 Aug 2015 01:33:10 main.py[line:162] INFO new deque_user,deque_MatchID,visited_user,visited_MatchID have been recorded
Wed, 12 Aug 2015 01:33:18 main.py[line:162] INFO new deque_user,deque_MatchID,visited_user,visited_MatchID have been recorded
Wed, 12 Aug 2015 01:33:25 main.py[line:162] INFO new deque_user,deque_MatchID,visited_user,visited_MatchID have been recorded
Wed, 12 Aug 2015 01:33:32 main.py[line:162] INFO new deque_user,deque_MatchID,visited_user,visited_MatchID have been recorded
Wed, 12 Aug 2015 01:33:41 main.py[line:162] INFO new deque_user,deque_MatchID,visited_user,visited_MatchID have been recorded
Wed, 12 Aug 2015 01:33:51 main.py[line:162] INFO new deque_user,deque_MatchID,visited_user,visited_MatchID have been recorded
Wed, 12 Aug 2015 01:34:02 main.py[line:162] INFO new deque_user,deque_MatchID,visited_user,visited_MatchID have been recorded
Wed, 12 Aug 2015 01:34:13 main.py[line:162] INFO new deque_user,deque_MatchID,visited_user,visited_MatchID have been recorded
Wed, 12 Aug 2015 01:34:20 main.py[line:162] INFO new deque_user,deque_MatchID,visited_user,visited_MatchID have been recorded
Wed, 12 Aug 2015 01:34:24 main.py[line:162] INFO new deque_user,deque_MatchID,visited_user,visited_MatchID have been recorded
Wed, 12 Aug 2015 01:34:32 main.py[line:162] INFO new deque_user,deque_MatchID,visited_user,visited_MatchID have been recorded
Wed, 12 Aug 2015 01:34:39 main.py[line:162] INFO new deque_user,deque_MatchID,visited_user,visited_MatchID have been recorded
Wed, 12 Aug 2015 01:34:47 main.py[line:162] INFO new deque_user,deque_MatchID,visited_user,visited_MatchID have been recorded
Wed, 12 Aug 2015 01:34:55 main.py[line:162] INFO new deque_user,deque_MatchID,visited_user,visited_MatchID have been recorded
Wed, 12 Aug 2015 01:35:01 main.py[line:162] INFO new deque_user,deque_MatchID,visited_user,visited_MatchID have been recorded
Wed, 12 Aug 2015 01:35:11 main.py[line:162] INFO new deque_user,deque_MatchID,visited_user,visited_MatchID have been recorded
Wed, 12 Aug 2015 01:35:21 main.py[line:162] INFO new deque_user,deque_MatchID,visited_user,visited_MatchID have been recorded
Wed, 12 Aug 2015 01:35:27 main.py[line:162] INFO new deque_user,deque_MatchID,visited_user,visited_MatchID have been recorded
Wed, 12 Aug 2015 01:35:34 main.py[line:162] INFO new deque_user,deque_MatchID,visited_user,visited_MatchID have been recorded
Wed, 12 Aug 2015 01:35:46 main.py[line:162] INFO new deque_user,deque_MatchID,visited_user,visited_MatchID have been recorded
Wed, 12 Aug 2015 01:35:53 main.py[line:162] INFO new deque_user,deque_MatchID,visited_user,visited_MatchID have been recorded
Wed, 12 Aug 2015 01:36:03 main.py[line:162] INFO new deque_user,deque_MatchID,visited_user,visited_MatchID have been recorded
Wed, 12 Aug 2015 01:36:11 main.py[line:162] INFO new deque_user,deque_MatchID,visited_user,visited_MatchID have been recorded
Wed, 12 Aug 2015 01:36:19 main.py[line:162] INFO new deque_user,deque_MatchID,visited_user,visited_MatchID have been recorded
Wed, 12 Aug 2015 01:36:27 main.py[line:162] INFO new deque_user,deque_MatchID,visited_user,visited_MatchID have been recorded
Wed, 12 Aug 2015 01:36:36 main.py[line:162] INFO new deque_user,deque_MatchID,visited_user,visited_MatchID have been recorded
Wed, 12 Aug 2015 01:36:44 main.py[line:162] INFO new deque_user,deque_MatchID,visited_user,visited_MatchID have been recorded
Wed, 12 Aug 2015 01:36:51 main.py[line:162] INFO new deque_user,deque_MatchID,visited_user,visited_MatchID have been recorded
Wed, 12 Aug 2015 01:36:58 main.py[line:162] INFO new deque_user,deque_MatchID,visited_user,visited_MatchID have been recorded
Wed, 12 Aug 2015 01:37:07 main.py[line:162] INFO new deque_user,deque_MatchID,visited_user,visited_MatchID have been recorded
Wed, 12 Aug 2015 01:37:15 main.py[line:162] INFO new deque_user,deque_MatchID,visited_user,visited_MatchID have been recorded
Wed, 12 Aug 2015 01:37:23 main.py[line:162] INFO new deque_user,deque_MatchID,visited_user,visited_MatchID have been recorded
Wed, 12 Aug 2015 01:37:30 main.py[line:162] INFO new deque_user,deque_MatchID,visited_user,visited_MatchID have been recorded
Wed, 12 Aug 2015 01:37:38 main.py[line:162] INFO new deque_user,deque_MatchID,visited_user,visited_MatchID have been recorded
Wed, 12 Aug 2015 01:37:49 main.py[line:162] INFO new deque_user,deque_MatchID,visited_user,visited_MatchID have been recorded
Wed, 12 Aug 2015 01:37:57 main.py[line:162] INFO new deque_user,deque_MatchID,visited_user,visited_MatchID have been recorded
Wed, 12 Aug 2015 01:38:05 main.py[line:162] INFO new deque_user,deque_MatchID,visited_user,visited_MatchID have been recorded
Wed, 12 Aug 2015 01:38:13 main.py[line:162] INFO new deque_user,deque_MatchID,visited_user,visited_MatchID have been recorded
Wed, 12 Aug 2015 01:38:20 main.py[line:162] INFO new deque_user,deque_MatchID,visited_user,visited_MatchID have been recorded
Wed, 12 Aug 2015 01:38:28 main.py[line:162] INFO new deque_user,deque_MatchID,visited_user,visited_MatchID have been recorded
Wed, 12 Aug 2015 01:38:37 main.py[line:162] INFO new deque_user,deque_MatchID,visited_user,visited_MatchID have been recorded
Wed, 12 Aug 2015 01:38:46 main.py[line:162] INFO new deque_user,deque_MatchID,visited_user,visited_MatchID have been recorded
Wed, 12 Aug 2015 01:38:55 main.py[line:162] INFO new deque_user,deque_MatchID,visited_user,visited_MatchID have been recorded
Wed, 12 Aug 2015 01:39:03 main.py[line:162] INFO new deque_user,deque_MatchID,visited_user,visited_MatchID have been recorded
Wed, 12 Aug 2015 01:39:14 main.py[line:162] INFO new deque_user,deque_MatchID,visited_user,visited_MatchID have been recorded
Wed, 12 Aug 2015 01:39:21 main.py[line:162] INFO new deque_user,deque_MatchID,visited_user,visited_MatchID have been recorded
Wed, 12 Aug 2015 01:39:34 main.py[line:162] INFO new deque_user,deque_MatchID,visited_user,visited_MatchID have been recorded
Wed, 12 Aug 2015 01:40:01 main.py[line:214] INFO /*-----------------------------------*/
Wed, 12 Aug 2015 01:40:01 main.py[line:215] INFO /*--begin to init data--*/
Wed, 12 Aug 2015 01:40:01 main.py[line:189] INFO visited_user.dat inited ok
Wed, 12 Aug 2015 01:40:01 main.py[line:189] INFO visited_MatchID.dat inited ok
Wed, 12 Aug 2015 01:40:01 main.py[line:189] INFO deque_user.dat inited ok
Wed, 12 Aug 2015 01:40:01 main.py[line:191] INFO deque_MatchID.dat is None!!
Wed, 12 Aug 2015 01:40:01 main.py[line:222] INFO initing user queue..
Wed, 12 Aug 2015 01:40:01 main.py[line:223] INFO 152 users have been done
Wed, 12 Aug 2015 01:40:01 main.py[line:224] INFO the current lengh of user_sequence is 18055
Wed, 12 Aug 2015 01:40:01 main.py[line:225] INFO 2352 matches have been recorded
Wed, 12 Aug 2015 01:40:01 main.py[line:226] INFO the current lengh of deque_MatchID is 0
Wed, 12 Aug 2015 01:40:01 main.py[line:227] INFO /*-----------------------------------*/
Wed, 12 Aug 2015 01:40:01 main.py[line:239] INFO init_dat ok... 
Wed, 12 Aug 2015 01:40:01 main.py[line:243] INFO start_user_point get value:Top丶favour丨殇
Wed, 12 Aug 2015 01:40:01 main.py[line:244] INFO begin to crawl data ... 
Wed, 12 Aug 2015 01:40:01 main.py[line:105] INFO Starting.....
Wed, 12 Aug 2015 01:40:09 main.py[line:162] INFO new deque_user,deque_MatchID,visited_user,visited_MatchID have been recorded
Wed, 12 Aug 2015 01:40:20 main.py[line:162] INFO new deque_user,deque_MatchID,visited_user,visited_MatchID have been recorded
Wed, 12 Aug 2015 01:40:27 main.py[line:162] INFO new deque_user,deque_MatchID,visited_user,visited_MatchID have been recorded
Wed, 12 Aug 2015 01:40:35 main.py[line:162] INFO new deque_user,deque_MatchID,visited_user,visited_MatchID have been recorded
Wed, 12 Aug 2015 01:40:42 main.py[line:162] INFO new deque_user,deque_MatchID,visited_user,visited_MatchID have been recorded
Wed, 12 Aug 2015 01:40:51 main.py[line:162] INFO new deque_user,deque_MatchID,visited_user,visited_MatchID have been recorded
Wed, 12 Aug 2015 01:41:02 main.py[line:162] INFO new deque_user,deque_MatchID,visited_user,visited_MatchID have been recorded
Wed, 12 Aug 2015 01:41:10 main.py[line:162] INFO new deque_user,deque_MatchID,visited_user,visited_MatchID have been recorded
Wed, 12 Aug 2015 01:41:19 main.py[line:162] INFO new deque_user,deque_MatchID,visited_user,visited_MatchID have been recorded
Wed, 12 Aug 2015 01:41:26 main.py[line:162] INFO new deque_user,deque_MatchID,visited_user,visited_MatchID have been recorded
Wed, 12 Aug 2015 01:41:33 main.py[line:162] INFO new deque_user,deque_MatchID,visited_user,visited_MatchID have been recorded
Wed, 12 Aug 2015 01:41:41 main.py[line:162] INFO new deque_user,deque_MatchID,visited_user,visited_MatchID have been recorded
Wed, 12 Aug 2015 01:41:48 main.py[line:162] INFO new deque_user,deque_MatchID,visited_user,visited_MatchID have been recorded
Wed, 12 Aug 2015 01:41:49 main.py[line:162] INFO new deque_user,deque_MatchID,visited_user,visited_MatchID have been recorded
Wed, 12 Aug 2015 01:41:49 main.py[line:162] INFO new deque_user,deque_MatchID,visited_user,visited_MatchID have been recorded
Wed, 12 Aug 2015 01:41:50 main.py[line:162] INFO new deque_user,deque_MatchID,visited_user,visited_MatchID have been recorded
Wed, 12 Aug 2015 01:41:51 main.py[line:162] INFO new deque_user,deque_MatchID,visited_user,visited_MatchID have been recorded
Wed, 12 Aug 2015 01:41:52 main.py[line:162] INFO new deque_user,deque_MatchID,visited_user,visited_MatchID have been recorded
Wed, 12 Aug 2015 01:41:52 main.py[line:162] INFO new deque_user,deque_MatchID,visited_user,visited_MatchID have been recorded
Wed, 12 Aug 2015 01:41:53 main.py[line:162] INFO new deque_user,deque_MatchID,visited_user,visited_MatchID have been recorded
Wed, 12 Aug 2015 01:41:54 main.py[line:162] INFO new deque_user,deque_MatchID,visited_user,visited_MatchID have been recorded
Wed, 12 Aug 2015 01:41:54 main.py[line:162] INFO new deque_user,deque_MatchID,visited_user,visited_MatchID have been recorded
Wed, 12 Aug 2015 08:15:44 main.py[line:214] INFO /*-----------------------------------*/
Wed, 12 Aug 2015 08:15:44 main.py[line:215] INFO /*--begin to init data--*/
Wed, 12 Aug 2015 08:15:44 main.py[line:189] INFO visited_user.dat inited ok
Wed, 12 Aug 2015 08:15:44 main.py[line:189] INFO visited_MatchID.dat inited ok
Wed, 12 Aug 2015 08:15:44 main.py[line:189] INFO deque_user.dat inited ok
Wed, 12 Aug 2015 08:15:44 main.py[line:191] INFO deque_MatchID.dat is None!!
Wed, 12 Aug 2015 08:15:44 main.py[line:222] INFO initing user queue..
Wed, 12 Aug 2015 08:15:44 main.py[line:223] INFO 174 users have been done
Wed, 12 Aug 2015 08:15:44 main.py[line:224] INFO the current lengh of user_sequence is 19721
Wed, 12 Aug 2015 08:15:44 main.py[line:225] INFO 2565 matches have been recorded
Wed, 12 Aug 2015 08:15:44 main.py[line:226] INFO the current lengh of deque_MatchID is 0
Wed, 12 Aug 2015 08:15:44 main.py[line:227] INFO /*-----------------------------------*/
Wed, 12 Aug 2015 08:15:44 main.py[line:239] INFO init_dat ok... 
Wed, 12 Aug 2015 08:15:44 main.py[line:243] INFO start_user_point get value:你爹不小心竟然
Wed, 12 Aug 2015 08:15:44 main.py[line:244] INFO begin to crawl data ... 
Wed, 12 Aug 2015 08:15:44 main.py[line:105] INFO Starting.....
Wed, 12 Aug 2015 08:15:54 main.py[line:162] INFO new deque_user,deque_MatchID,visited_user,visited_MatchID have been recorded
Wed, 12 Aug 2015 08:16:00 main.py[line:162] INFO new deque_user,deque_MatchID,visited_user,visited_MatchID have been recorded
Wed, 12 Aug 2015 08:16:08 main.py[line:162] INFO new deque_user,deque_MatchID,visited_user,visited_MatchID have been recorded
Wed, 12 Aug 2015 08:16:09 main.py[line:162] INFO new deque_user,deque_MatchID,visited_user,visited_MatchID have been recorded
Wed, 12 Aug 2015 08:16:13 main.py[line:162] INFO new deque_user,deque_MatchID,visited_user,visited_MatchID have been recorded
Wed, 12 Aug 2015 08:16:20 main.py[line:162] INFO new deque_user,deque_MatchID,visited_user,visited_MatchID have been recorded
Wed, 12 Aug 2015 08:16:27 main.py[line:162] INFO new deque_user,deque_MatchID,visited_user,visited_MatchID have been recorded
Wed, 12 Aug 2015 08:16:32 main.py[line:162] INFO new deque_user,deque_MatchID,visited_user,visited_MatchID have been recorded
Wed, 12 Aug 2015 08:16:36 main.py[line:162] INFO new deque_user,deque_MatchID,visited_user,visited_MatchID have been recorded
Wed, 12 Aug 2015 08:16:38 main.py[line:162] INFO new deque_user,deque_MatchID,visited_user,visited_MatchID have been recorded
Wed, 12 Aug 2015 08:16:46 main.py[line:162] INFO new deque_user,deque_MatchID,visited_user,visited_MatchID have been recorded
Wed, 12 Aug 2015 08:16:50 main.py[line:162] INFO new deque_user,deque_MatchID,visited_user,visited_MatchID have been recorded
Wed, 12 Aug 2015 08:16:57 main.py[line:162] INFO new deque_user,deque_MatchID,visited_user,visited_MatchID have been recorded
Wed, 12 Aug 2015 08:17:02 main.py[line:162] INFO new deque_user,deque_MatchID,visited_user,visited_MatchID have been recorded
Wed, 12 Aug 2015 08:17:09 main.py[line:162] INFO new deque_user,deque_MatchID,visited_user,visited_MatchID have been recorded
Wed, 12 Aug 2015 08:17:11 main.py[line:162] INFO new deque_user,deque_MatchID,visited_user,visited_MatchID have been recorded
Wed, 12 Aug 2015 08:17:20 main.py[line:162] INFO new deque_user,deque_MatchID,visited_user,visited_MatchID have been recorded
Wed, 12 Aug 2015 08:17:30 main.py[line:162] INFO new deque_user,deque_MatchID,visited_user,visited_MatchID have been recorded
Wed, 12 Aug 2015 08:17:34 main.py[line:162] INFO new deque_user,deque_MatchID,visited_user,visited_MatchID have been recorded
Wed, 12 Aug 2015 08:17:42 main.py[line:162] INFO new deque_user,deque_MatchID,visited_user,visited_MatchID have been recorded
Wed, 12 Aug 2015 08:17:52 main.py[line:162] INFO new deque_user,deque_MatchID,visited_user,visited_MatchID have been recorded
Wed, 12 Aug 2015 08:17:55 main.py[line:162] INFO new deque_user,deque_MatchID,visited_user,visited_MatchID have been recorded
Wed, 12 Aug 2015 08:18:03 main.py[line:162] INFO new deque_user,deque_MatchID,visited_user,visited_MatchID have been recorded
Wed, 12 Aug 2015 08:18:10 main.py[line:162] INFO new deque_user,deque_MatchID,visited_user,visited_MatchID have been recorded
Wed, 12 Aug 2015 08:18:17 main.py[line:162] INFO new deque_user,deque_MatchID,visited_user,visited_MatchID have been recorded
Wed, 12 Aug 2015 08:18:23 main.py[line:162] INFO new deque_user,deque_MatchID,visited_user,visited_MatchID have been recorded
Wed, 12 Aug 2015 08:18:31 main.py[line:162] INFO new deque_user,deque_MatchID,visited_user,visited_MatchID have been recorded
Wed, 12 Aug 2015 08:18:40 main.py[line:162] INFO new deque_user,deque_MatchID,visited_user,visited_MatchID have been recorded
Wed, 12 Aug 2015 08:18:46 main.py[line:162] INFO new deque_user,deque_MatchID,visited_user,visited_MatchID have been recorded
Wed, 12 Aug 2015 08:18:54 main.py[line:162] INFO new deque_user,deque_MatchID,visited_user,visited_MatchID have been recorded
Wed, 12 Aug 2015 08:18:54 main.py[line:123] INFO the data of current user (龙丨浩天) is small ,so drop it and continue 
Wed, 12 Aug 2015 08:19:01 main.py[line:162] INFO new deque_user,deque_MatchID,visited_user,visited_MatchID have been recorded
Wed, 12 Aug 2015 08:19:11 main.py[line:162] INFO new deque_user,deque_MatchID,visited_user,visited_MatchID have been recorded
Wed, 12 Aug 2015 08:19:18 main.py[line:162] INFO new deque_user,deque_MatchID,visited_user,visited_MatchID have been recorded
Wed, 12 Aug 2015 08:19:27 main.py[line:162] INFO new deque_user,deque_MatchID,visited_user,visited_MatchID have been recorded
Wed, 12 Aug 2015 08:19:29 main.py[line:162] INFO new deque_user,deque_MatchID,visited_user,visited_MatchID have been recorded
Wed, 12 Aug 2015 08:19:33 main.py[line:162] INFO new deque_user,deque_MatchID,visited_user,visited_MatchID have been recorded
Wed, 12 Aug 2015 08:19:40 main.py[line:162] INFO new deque_user,deque_MatchID,visited_user,visited_MatchID have been recorded
Wed, 12 Aug 2015 08:19:51 main.py[line:162] INFO new deque_user,deque_MatchID,visited_user,visited_MatchID have been recorded
Wed, 12 Aug 2015 08:19:58 main.py[line:162] INFO new deque_user,deque_MatchID,visited_user,visited_MatchID have been recorded
Wed, 12 Aug 2015 08:20:04 main.py[line:162] INFO new deque_user,deque_MatchID,visited_user,visited_MatchID have been recorded
Wed, 12 Aug 2015 08:20:11 main.py[line:162] INFO new deque_user,deque_MatchID,visited_user,visited_MatchID have been recorded
Wed, 12 Aug 2015 08:20:18 main.py[line:162] INFO new deque_user,deque_MatchID,visited_user,visited_MatchID have been recorded
Wed, 12 Aug 2015 08:20:24 main.py[line:162] INFO new deque_user,deque_MatchID,visited_user,visited_MatchID have been recorded
Wed, 12 Aug 2015 08:20:30 main.py[line:162] INFO new deque_user,deque_MatchID,visited_user,visited_MatchID have been recorded
Wed, 12 Aug 2015 08:20:39 main.py[line:162] INFO new deque_user,deque_MatchID,visited_user,visited_MatchID have been recorded
Wed, 12 Aug 2015 08:20:40 main.py[line:162] INFO new deque_user,deque_MatchID,visited_user,visited_MatchID have been recorded
Wed, 12 Aug 2015 08:20:41 main.py[line:162] INFO new deque_user,deque_MatchID,visited_user,visited_MatchID have been recorded
Wed, 12 Aug 2015 08:20:42 main.py[line:162] INFO new deque_user,deque_MatchID,visited_user,visited_MatchID have been recorded
Wed, 12 Aug 2015 08:20:47 main.py[line:162] INFO new deque_user,deque_MatchID,visited_user,visited_MatchID have been recorded
Wed, 12 Aug 2015 08:20:59 main.py[line:162] INFO new deque_user,deque_MatchID,visited_user,visited_MatchID have been recorded
Wed, 12 Aug 2015 08:21:10 main.py[line:162] INFO new deque_user,deque_MatchID,visited_user,visited_MatchID have been recorded
Wed, 12 Aug 2015 08:21:18 main.py[line:162] INFO new deque_user,deque_MatchID,visited_user,visited_MatchID have been recorded
Wed, 12 Aug 2015 08:21:30 main.py[line:162] INFO new deque_user,deque_MatchID,visited_user,visited_MatchID have been recorded
Wed, 12 Aug 2015 08:21:38 main.py[line:162] INFO new deque_user,deque_MatchID,visited_user,visited_MatchID have been recorded
Wed, 12 Aug 2015 08:21:46 main.py[line:162] INFO new deque_user,deque_MatchID,visited_user,visited_MatchID have been recorded
Wed, 12 Aug 2015 08:21:53 main.py[line:162] INFO new deque_user,deque_MatchID,visited_user,visited_MatchID have been recorded
Wed, 12 Aug 2015 08:22:04 main.py[line:162] INFO new deque_user,deque_MatchID,visited_user,visited_MatchID have been recorded
Wed, 12 Aug 2015 08:22:14 main.py[line:162] INFO new deque_user,deque_MatchID,visited_user,visited_MatchID have been recorded
Wed, 12 Aug 2015 08:22:21 main.py[line:162] INFO new deque_user,deque_MatchID,visited_user,visited_MatchID have been recorded
Wed, 12 Aug 2015 08:22:31 main.py[line:162] INFO new deque_user,deque_MatchID,visited_user,visited_MatchID have been recorded
Wed, 12 Aug 2015 08:22:40 main.py[line:162] INFO new deque_user,deque_MatchID,visited_user,visited_MatchID have been recorded
Wed, 12 Aug 2015 08:22:48 main.py[line:162] INFO new deque_user,deque_MatchID,visited_user,visited_MatchID have been recorded
Wed, 12 Aug 2015 08:22:52 main.py[line:162] INFO new deque_user,deque_MatchID,visited_user,visited_MatchID have been recorded
Wed, 12 Aug 2015 08:23:02 main.py[line:162] INFO new deque_user,deque_MatchID,visited_user,visited_MatchID have been recorded
Wed, 12 Aug 2015 08:23:07 main.py[line:162] INFO new deque_user,deque_MatchID,visited_user,visited_MatchID have been recorded
Wed, 12 Aug 2015 08:23:15 main.py[line:162] INFO new deque_user,deque_MatchID,visited_user,visited_MatchID have been recorded
Wed, 12 Aug 2015 08:23:23 main.py[line:162] INFO new deque_user,deque_MatchID,visited_user,visited_MatchID have been recorded
Wed, 12 Aug 2015 08:23:32 main.py[line:162] INFO new deque_user,deque_MatchID,visited_user,visited_MatchID have been recorded
Wed, 12 Aug 2015 08:23:40 main.py[line:162] INFO new deque_user,deque_MatchID,visited_user,visited_MatchID have been recorded
Wed, 12 Aug 2015 08:23:48 main.py[line:162] INFO new deque_user,deque_MatchID,visited_user,visited_MatchID have been recorded
Wed, 12 Aug 2015 08:23:52 main.py[line:162] INFO new deque_user,deque_MatchID,visited_user,visited_MatchID have been recorded
Wed, 12 Aug 2015 08:24:04 main.py[line:162] INFO new deque_user,deque_MatchID,visited_user,visited_MatchID have been recorded
Wed, 12 Aug 2015 08:24:15 main.py[line:162] INFO new deque_user,deque_MatchID,visited_user,visited_MatchID have been recorded
Wed, 12 Aug 2015 08:24:17 main.py[line:162] INFO new deque_user,deque_MatchID,visited_user,visited_MatchID have been recorded
Wed, 12 Aug 2015 08:24:27 main.py[line:162] INFO new deque_user,deque_MatchID,visited_user,visited_MatchID have been recorded
Wed, 12 Aug 2015 08:24:37 main.py[line:162] INFO new deque_user,deque_MatchID,visited_user,visited_MatchID have been recorded
Wed, 12 Aug 2015 08:24:40 main.py[line:162] INFO new deque_user,deque_MatchID,visited_user,visited_MatchID have been recorded
Wed, 12 Aug 2015 08:24:41 main.py[line:162] INFO new deque_user,deque_MatchID,visited_user,visited_MatchID have been recorded
Wed, 12 Aug 2015 08:24:42 main.py[line:162] INFO new deque_user,deque_MatchID,visited_user,visited_MatchID have been recorded
Wed, 12 Aug 2015 08:24:48 main.py[line:162] INFO new deque_user,deque_MatchID,visited_user,visited_MatchID have been recorded
Wed, 12 Aug 2015 08:24:51 main.py[line:162] INFO new deque_user,deque_MatchID,visited_user,visited_MatchID have been recorded
Wed, 12 Aug 2015 08:25:01 main.py[line:162] INFO new deque_user,deque_MatchID,visited_user,visited_MatchID have been recorded
Wed, 12 Aug 2015 08:25:09 main.py[line:162] INFO new deque_user,deque_MatchID,visited_user,visited_MatchID have been recorded
Wed, 12 Aug 2015 08:25:17 main.py[line:162] INFO new deque_user,deque_MatchID,visited_user,visited_MatchID have been recorded
Wed, 12 Aug 2015 08:25:22 main.py[line:162] INFO new deque_user,deque_MatchID,visited_user,visited_MatchID have been recorded
Wed, 12 Aug 2015 08:25:30 main.py[line:162] INFO new deque_user,deque_MatchID,visited_user,visited_MatchID have been recorded
Wed, 12 Aug 2015 08:25:42 main.py[line:162] INFO new deque_user,deque_MatchID,visited_user,visited_MatchID have been recorded
Wed, 12 Aug 2015 08:25:56 main.py[line:162] INFO new deque_user,deque_MatchID,visited_user,visited_MatchID have been recorded
Wed, 12 Aug 2015 08:26:05 main.py[line:162] INFO new deque_user,deque_MatchID,visited_user,visited_MatchID have been recorded
Wed, 12 Aug 2015 08:26:12 main.py[line:162] INFO new deque_user,deque_MatchID,visited_user,visited_MatchID have been recorded
Wed, 12 Aug 2015 08:26:16 main.py[line:162] INFO new deque_user,deque_MatchID,visited_user,visited_MatchID have been recorded
Wed, 12 Aug 2015 08:26:26 main.py[line:162] INFO new deque_user,deque_MatchID,visited_user,visited_MatchID have been recorded
Wed, 12 Aug 2015 08:26:39 main.py[line:162] INFO new deque_user,deque_MatchID,visited_user,visited_MatchID have been recorded
Wed, 12 Aug 2015 08:26:51 main.py[line:162] INFO new deque_user,deque_MatchID,visited_user,visited_MatchID have been recorded
Wed, 12 Aug 2015 08:26:59 main.py[line:162] INFO new deque_user,deque_MatchID,visited_user,visited_MatchID have been recorded
Wed, 12 Aug 2015 08:27:12 main.py[line:162] INFO new deque_user,deque_MatchID,visited_user,visited_MatchID have been recorded
Wed, 12 Aug 2015 08:27:16 main.py[line:162] INFO new deque_user,deque_MatchID,visited_user,visited_MatchID have been recorded
Wed, 12 Aug 2015 08:27:26 main.py[line:162] INFO new deque_user,deque_MatchID,visited_user,visited_MatchID have been recorded
Wed, 12 Aug 2015 08:27:32 main.py[line:162] INFO new deque_user,deque_MatchID,visited_user,visited_MatchID have been recorded
Wed, 12 Aug 2015 08:27:41 main.py[line:162] INFO new deque_user,deque_MatchID,visited_user,visited_MatchID have been recorded
Wed, 12 Aug 2015 08:27:50 main.py[line:162] INFO new deque_user,deque_MatchID,visited_user,visited_MatchID have been recorded
Wed, 12 Aug 2015 08:27:59 main.py[line:162] INFO new deque_user,deque_MatchID,visited_user,visited_MatchID have been recorded
Wed, 12 Aug 2015 08:28:05 main.py[line:162] INFO new deque_user,deque_MatchID,visited_user,visited_MatchID have been recorded
Wed, 12 Aug 2015 08:28:16 main.py[line:162] INFO new deque_user,deque_MatchID,visited_user,visited_MatchID have been recorded
Wed, 12 Aug 2015 08:28:27 main.py[line:162] INFO new deque_user,deque_MatchID,visited_user,visited_MatchID have been recorded
Wed, 12 Aug 2015 08:28:33 main.py[line:162] INFO new deque_user,deque_MatchID,visited_user,visited_MatchID have been recorded
Wed, 12 Aug 2015 08:28:42 main.py[line:162] INFO new deque_user,deque_MatchID,visited_user,visited_MatchID have been recorded
Wed, 12 Aug 2015 08:28:51 main.py[line:162] INFO new deque_user,deque_MatchID,visited_user,visited_MatchID have been recorded
Wed, 12 Aug 2015 08:28:59 main.py[line:162] INFO new deque_user,deque_MatchID,visited_user,visited_MatchID have been recorded
Wed, 12 Aug 2015 08:29:09 main.py[line:162] INFO new deque_user,deque_MatchID,visited_user,visited_MatchID have been recorded
Wed, 12 Aug 2015 08:29:19 main.py[line:162] INFO new deque_user,deque_MatchID,visited_user,visited_MatchID have been recorded
Wed, 12 Aug 2015 08:29:28 main.py[line:162] INFO new deque_user,deque_MatchID,visited_user,visited_MatchID have been recorded
Wed, 12 Aug 2015 08:29:38 main.py[line:162] INFO new deque_user,deque_MatchID,visited_user,visited_MatchID have been recorded
Wed, 12 Aug 2015 08:29:47 main.py[line:162] INFO new deque_user,deque_MatchID,visited_user,visited_MatchID have been recorded
Wed, 12 Aug 2015 08:29:57 main.py[line:162] INFO new deque_user,deque_MatchID,visited_user,visited_MatchID have been recorded
Wed, 12 Aug 2015 08:30:07 main.py[line:162] INFO new deque_user,deque_MatchID,visited_user,visited_MatchID have been recorded
Wed, 12 Aug 2015 08:30:20 main.py[line:162] INFO new deque_user,deque_MatchID,visited_user,visited_MatchID have been recorded
Wed, 12 Aug 2015 08:30:30 main.py[line:162] INFO new deque_user,deque_MatchID,visited_user,visited_MatchID have been recorded
Wed, 12 Aug 2015 08:30:39 main.py[line:162] INFO new deque_user,deque_MatchID,visited_user,visited_MatchID have been recorded
Wed, 12 Aug 2015 08:30:51 main.py[line:162] INFO new deque_user,deque_MatchID,visited_user,visited_MatchID have been recorded
Wed, 12 Aug 2015 08:31:00 main.py[line:162] INFO new deque_user,deque_MatchID,visited_user,visited_MatchID have been recorded
Wed, 12 Aug 2015 08:31:11 main.py[line:162] INFO new deque_user,deque_MatchID,visited_user,visited_MatchID have been recorded
Wed, 12 Aug 2015 08:31:23 main.py[line:162] INFO new deque_user,deque_MatchID,visited_user,visited_MatchID have been recorded
Wed, 12 Aug 2015 08:31:34 main.py[line:162] INFO new deque_user,deque_MatchID,visited_user,visited_MatchID have been recorded
Wed, 12 Aug 2015 08:31:43 main.py[line:162] INFO new deque_user,deque_MatchID,visited_user,visited_MatchID have been recorded
Wed, 12 Aug 2015 08:31:50 main.py[line:162] INFO new deque_user,deque_MatchID,visited_user,visited_MatchID have been recorded
Wed, 12 Aug 2015 08:31:59 main.py[line:162] INFO new deque_user,deque_MatchID,visited_user,visited_MatchID have been recorded
Wed, 12 Aug 2015 08:32:11 main.py[line:162] INFO new deque_user,deque_MatchID,visited_user,visited_MatchID have been recorded
Wed, 12 Aug 2015 08:32:24 main.py[line:162] INFO new deque_user,deque_MatchID,visited_user,visited_MatchID have been recorded
Wed, 12 Aug 2015 08:32:27 main.py[line:162] INFO new deque_user,deque_MatchID,visited_user,visited_MatchID have been recorded
Wed, 12 Aug 2015 08:32:37 main.py[line:162] INFO new deque_user,deque_MatchID,visited_user,visited_MatchID have been recorded
Wed, 12 Aug 2015 08:32:47 main.py[line:162] INFO new deque_user,deque_MatchID,visited_user,visited_MatchID have been recorded
Wed, 12 Aug 2015 08:32:57 main.py[line:162] INFO new deque_user,deque_MatchID,visited_user,visited_MatchID have been recorded
Wed, 12 Aug 2015 08:33:10 main.py[line:162] INFO new deque_user,deque_MatchID,visited_user,visited_MatchID have been recorded
Wed, 12 Aug 2015 08:33:24 main.py[line:162] INFO new deque_user,deque_MatchID,visited_user,visited_MatchID have been recorded
Wed, 12 Aug 2015 08:33:38 main.py[line:162] INFO new deque_user,deque_MatchID,visited_user,visited_MatchID have been recorded
Wed, 12 Aug 2015 08:33:47 main.py[line:162] INFO new deque_user,deque_MatchID,visited_user,visited_MatchID have been recorded
Wed, 12 Aug 2015 08:33:59 main.py[line:162] INFO new deque_user,deque_MatchID,visited_user,visited_MatchID have been recorded
Wed, 12 Aug 2015 08:34:08 main.py[line:162] INFO new deque_user,deque_MatchID,visited_user,visited_MatchID have been recorded
Wed, 12 Aug 2015 08:34:18 main.py[line:162] INFO new deque_user,deque_MatchID,visited_user,visited_MatchID have been recorded
Wed, 12 Aug 2015 08:34:28 main.py[line:162] INFO new deque_user,deque_MatchID,visited_user,visited_MatchID have been recorded
Wed, 12 Aug 2015 08:34:32 main.py[line:162] INFO new deque_user,deque_MatchID,visited_user,visited_MatchID have been recorded
Wed, 12 Aug 2015 08:34:33 main.py[line:162] INFO new deque_user,deque_MatchID,visited_user,visited_MatchID have been recorded
Wed, 12 Aug 2015 08:34:34 main.py[line:123] INFO the data of current user (云狼天) is small ,so drop it and continue 
Wed, 12 Aug 2015 08:34:35 main.py[line:162] INFO new deque_user,deque_MatchID,visited_user,visited_MatchID have been recorded
Wed, 12 Aug 2015 08:34:37 main.py[line:162] INFO new deque_user,deque_MatchID,visited_user,visited_MatchID have been recorded
Wed, 12 Aug 2015 08:34:38 main.py[line:162] INFO new deque_user,deque_MatchID,visited_user,visited_MatchID have been recorded
Wed, 12 Aug 2015 08:34:40 main.py[line:162] INFO new deque_user,deque_MatchID,visited_user,visited_MatchID have been recorded
Wed, 12 Aug 2015 08:34:41 main.py[line:162] INFO new deque_user,deque_MatchID,visited_user,visited_MatchID have been recorded
Wed, 12 Aug 2015 08:34:43 main.py[line:162] INFO new deque_user,deque_MatchID,visited_user,visited_MatchID have been recorded
Wed, 12 Aug 2015 08:34:44 main.py[line:162] INFO new deque_user,deque_MatchID,visited_user,visited_MatchID have been recorded
Wed, 12 Aug 2015 08:34:46 main.py[line:162] INFO new deque_user,deque_MatchID,visited_user,visited_MatchID have been recorded
Wed, 12 Aug 2015 08:34:47 main.py[line:162] INFO new deque_user,deque_MatchID,visited_user,visited_MatchID have been recorded
Wed, 12 Aug 2015 08:34:49 main.py[line:162] INFO new deque_user,deque_MatchID,visited_user,visited_MatchID have been recorded
Wed, 12 Aug 2015 08:34:50 main.py[line:162] INFO new deque_user,deque_MatchID,visited_user,visited_MatchID have been recorded
Wed, 12 Aug 2015 08:34:52 main.py[line:162] INFO new deque_user,deque_MatchID,visited_user,visited_MatchID have been recorded
Wed, 12 Aug 2015 08:34:53 main.py[line:162] INFO new deque_user,deque_MatchID,visited_user,visited_MatchID have been recorded
Wed, 12 Aug 2015 08:34:55 main.py[line:162] INFO new deque_user,deque_MatchID,visited_user,visited_MatchID have been recorded
Wed, 12 Aug 2015 08:34:56 main.py[line:162] INFO new deque_user,deque_MatchID,visited_user,visited_MatchID have been recorded
Wed, 12 Aug 2015 08:34:58 main.py[line:162] INFO new deque_user,deque_MatchID,visited_user,visited_MatchID have been recorded
Wed, 12 Aug 2015 08:34:59 main.py[line:162] INFO new deque_user,deque_MatchID,visited_user,visited_MatchID have been recorded
Wed, 12 Aug 2015 08:35:00 main.py[line:162] INFO new deque_user,deque_MatchID,visited_user,visited_MatchID have been recorded
Wed, 12 Aug 2015 08:35:02 main.py[line:162] INFO new deque_user,deque_MatchID,visited_user,visited_MatchID have been recorded
Wed, 12 Aug 2015 08:35:03 main.py[line:162] INFO new deque_user,deque_MatchID,visited_user,visited_MatchID have been recorded
Wed, 12 Aug 2015 08:35:05 main.py[line:162] INFO new deque_user,deque_MatchID,visited_user,visited_MatchID have been recorded
Wed, 12 Aug 2015 08:35:06 main.py[line:162] INFO new deque_user,deque_MatchID,visited_user,visited_MatchID have been recorded
Wed, 12 Aug 2015 08:35:07 main.py[line:162] INFO new deque_user,deque_MatchID,visited_user,visited_MatchID have been recorded
Wed, 12 Aug 2015 08:35:09 main.py[line:162] INFO new deque_user,deque_MatchID,visited_user,visited_MatchID have been recorded
Wed, 12 Aug 2015 08:35:10 main.py[line:162] INFO new deque_user,deque_MatchID,visited_user,visited_MatchID have been recorded
Wed, 12 Aug 2015 08:35:12 main.py[line:162] INFO new deque_user,deque_MatchID,visited_user,visited_MatchID have been recorded
Wed, 12 Aug 2015 08:35:13 main.py[line:162] INFO new deque_user,deque_MatchID,visited_user,visited_MatchID have been recorded
Wed, 12 Aug 2015 08:35:15 main.py[line:162] INFO new deque_user,deque_MatchID,visited_user,visited_MatchID have been recorded
Wed, 12 Aug 2015 08:35:16 main.py[line:162] INFO new deque_user,deque_MatchID,visited_user,visited_MatchID have been recorded
Wed, 12 Aug 2015 08:35:17 main.py[line:162] INFO new deque_user,deque_MatchID,visited_user,visited_MatchID have been recorded
Wed, 12 Aug 2015 08:35:19 main.py[line:162] INFO new deque_user,deque_MatchID,visited_user,visited_MatchID have been recorded
Wed, 12 Aug 2015 08:35:20 main.py[line:162] INFO new deque_user,deque_MatchID,visited_user,visited_MatchID have been recorded
Wed, 12 Aug 2015 08:35:22 main.py[line:162] INFO new deque_user,deque_MatchID,visited_user,visited_MatchID have been recorded
Wed, 12 Aug 2015 08:35:23 main.py[line:162] INFO new deque_user,deque_MatchID,visited_user,visited_MatchID have been recorded
Wed, 12 Aug 2015 08:35:25 main.py[line:162] INFO new deque_user,deque_MatchID,visited_user,visited_MatchID have been recorded
Wed, 12 Aug 2015 08:35:26 main.py[line:162] INFO new deque_user,deque_MatchID,visited_user,visited_MatchID have been recorded
Wed, 12 Aug 2015 08:35:28 main.py[line:162] INFO new deque_user,deque_MatchID,visited_user,visited_MatchID have been recorded
Wed, 12 Aug 2015 08:35:29 main.py[line:162] INFO new deque_user,deque_MatchID,visited_user,visited_MatchID have been recorded
Wed, 12 Aug 2015 08:35:31 main.py[line:162] INFO new deque_user,deque_MatchID,visited_user,visited_MatchID have been recorded
Wed, 12 Aug 2015 08:35:32 main.py[line:162] INFO new deque_user,deque_MatchID,visited_user,visited_MatchID have been recorded
Wed, 12 Aug 2015 08:35:34 main.py[line:162] INFO new deque_user,deque_MatchID,visited_user,visited_MatchID have been recorded
Wed, 12 Aug 2015 08:35:35 main.py[line:162] INFO new deque_user,deque_MatchID,visited_user,visited_MatchID have been recorded
Wed, 12 Aug 2015 08:35:36 main.py[line:162] INFO new deque_user,deque_MatchID,visited_user,visited_MatchID have been recorded
Wed, 12 Aug 2015 08:35:38 main.py[line:162] INFO new deque_user,deque_MatchID,visited_user,visited_MatchID have been recorded
Wed, 12 Aug 2015 08:35:39 main.py[line:162] INFO new deque_user,deque_MatchID,visited_user,visited_MatchID have been recorded
Wed, 12 Aug 2015 08:35:40 main.py[line:162] INFO new deque_user,deque_MatchID,visited_user,visited_MatchID have been recorded
Wed, 12 Aug 2015 08:35:42 main.py[line:162] INFO new deque_user,deque_MatchID,visited_user,visited_MatchID have been recorded
Wed, 12 Aug 2015 08:35:43 main.py[line:162] INFO new deque_user,deque_MatchID,visited_user,visited_MatchID have been recorded
Wed, 12 Aug 2015 08:35:44 main.py[line:162] INFO new deque_user,deque_MatchID,visited_user,visited_MatchID have been recorded
Wed, 12 Aug 2015 08:35:46 main.py[line:162] INFO new deque_user,deque_MatchID,visited_user,visited_MatchID have been recorded
Wed, 12 Aug 2015 08:35:47 main.py[line:162] INFO new deque_user,deque_MatchID,visited_user,visited_MatchID have been recorded
Wed, 12 Aug 2015 08:35:49 main.py[line:162] INFO new deque_user,deque_MatchID,visited_user,visited_MatchID have been recorded
Wed, 12 Aug 2015 08:35:50 main.py[line:162] INFO new deque_user,deque_MatchID,visited_user,visited_MatchID have been recorded
Wed, 12 Aug 2015 08:35:51 main.py[line:162] INFO new deque_user,deque_MatchID,visited_user,visited_MatchID have been recorded
Wed, 12 Aug 2015 08:35:53 main.py[line:162] INFO new deque_user,deque_MatchID,visited_user,visited_MatchID have been recorded
Wed, 12 Aug 2015 08:35:55 main.py[line:162] INFO new deque_user,deque_MatchID,visited_user,visited_MatchID have been recorded
Wed, 12 Aug 2015 08:35:56 main.py[line:162] INFO new deque_user,deque_MatchID,visited_user,visited_MatchID have been recorded
Wed, 12 Aug 2015 08:35:57 main.py[line:162] INFO new deque_user,deque_MatchID,visited_user,visited_MatchID have been recorded
Wed, 12 Aug 2015 08:35:58 main.py[line:162] INFO new deque_user,deque_MatchID,visited_user,visited_MatchID have been recorded
Wed, 12 Aug 2015 08:36:00 main.py[line:162] INFO new deque_user,deque_MatchID,visited_user,visited_MatchID have been recorded
Wed, 12 Aug 2015 08:36:01 main.py[line:162] INFO new deque_user,deque_MatchID,visited_user,visited_MatchID have been recorded
Wed, 12 Aug 2015 08:36:03 main.py[line:162] INFO new deque_user,deque_MatchID,visited_user,visited_MatchID have been recorded
Wed, 12 Aug 2015 08:36:04 main.py[line:162] INFO new deque_user,deque_MatchID,visited_user,visited_MatchID have been recorded
Wed, 12 Aug 2015 08:36:05 main.py[line:162] INFO new deque_user,deque_MatchID,visited_user,visited_MatchID have been recorded
Wed, 12 Aug 2015 08:36:07 main.py[line:162] INFO new deque_user,deque_MatchID,visited_user,visited_MatchID have been recorded
Wed, 12 Aug 2015 08:36:08 main.py[line:162] INFO new deque_user,deque_MatchID,visited_user,visited_MatchID have been recorded
Wed, 12 Aug 2015 08:36:10 main.py[line:162] INFO new deque_user,deque_MatchID,visited_user,visited_MatchID have been recorded
Wed, 12 Aug 2015 08:36:11 main.py[line:162] INFO new deque_user,deque_MatchID,visited_user,visited_MatchID have been recorded
Wed, 12 Aug 2015 08:36:13 main.py[line:162] INFO new deque_user,deque_MatchID,visited_user,visited_MatchID have been recorded
Wed, 12 Aug 2015 08:36:14 main.py[line:162] INFO new deque_user,deque_MatchID,visited_user,visited_MatchID have been recorded
Wed, 12 Aug 2015 08:36:16 main.py[line:162] INFO new deque_user,deque_MatchID,visited_user,visited_MatchID have been recorded
Wed, 12 Aug 2015 08:36:17 main.py[line:162] INFO new deque_user,deque_MatchID,visited_user,visited_MatchID have been recorded
Wed, 12 Aug 2015 08:36:19 main.py[line:162] INFO new deque_user,deque_MatchID,visited_user,visited_MatchID have been recorded
Wed, 12 Aug 2015 08:36:20 main.py[line:162] INFO new deque_user,deque_MatchID,visited_user,visited_MatchID have been recorded
Wed, 12 Aug 2015 08:36:22 main.py[line:162] INFO new deque_user,deque_MatchID,visited_user,visited_MatchID have been recorded
Wed, 12 Aug 2015 08:36:22 main.py[line:123] INFO the data of current user (枫叶漂流) is small ,so drop it and continue 
Wed, 12 Aug 2015 08:36:24 main.py[line:162] INFO new deque_user,deque_MatchID,visited_user,visited_MatchID have been recorded
Wed, 12 Aug 2015 08:36:25 main.py[line:162] INFO new deque_user,deque_MatchID,visited_user,visited_MatchID have been recorded
Wed, 12 Aug 2015 08:36:27 main.py[line:162] INFO new deque_user,deque_MatchID,visited_user,visited_MatchID have been recorded
Wed, 12 Aug 2015 08:36:28 main.py[line:162] INFO new deque_user,deque_MatchID,visited_user,visited_MatchID have been recorded
Wed, 12 Aug 2015 08:36:30 main.py[line:162] INFO new deque_user,deque_MatchID,visited_user,visited_MatchID have been recorded
Wed, 12 Aug 2015 08:36:31 main.py[line:162] INFO new deque_user,deque_MatchID,visited_user,visited_MatchID have been recorded
Wed, 12 Aug 2015 08:36:33 main.py[line:162] INFO new deque_user,deque_MatchID,visited_user,visited_MatchID have been recorded
Wed, 12 Aug 2015 08:36:34 main.py[line:162] INFO new deque_user,deque_MatchID,visited_user,visited_MatchID have been recorded
Wed, 12 Aug 2015 08:36:36 main.py[line:162] INFO new deque_user,deque_MatchID,visited_user,visited_MatchID have been recorded
Wed, 12 Aug 2015 08:36:37 main.py[line:162] INFO new deque_user,deque_MatchID,visited_user,visited_MatchID have been recorded
Wed, 12 Aug 2015 08:36:39 main.py[line:162] INFO new deque_user,deque_MatchID,visited_user,visited_MatchID have been recorded
Wed, 12 Aug 2015 08:36:40 main.py[line:162] INFO new deque_user,deque_MatchID,visited_user,visited_MatchID have been recorded
Wed, 12 Aug 2015 08:36:42 main.py[line:162] INFO new deque_user,deque_MatchID,visited_user,visited_MatchID have been recorded
Wed, 12 Aug 2015 08:36:43 main.py[line:162] INFO new deque_user,deque_MatchID,visited_user,visited_MatchID have been recorded
Wed, 12 Aug 2015 08:36:45 main.py[line:162] INFO new deque_user,deque_MatchID,visited_user,visited_MatchID have been recorded
Wed, 12 Aug 2015 08:36:46 main.py[line:162] INFO new deque_user,deque_MatchID,visited_user,visited_MatchID have been recorded
Wed, 12 Aug 2015 08:36:47 main.py[line:162] INFO new deque_user,deque_MatchID,visited_user,visited_MatchID have been recorded
Wed, 12 Aug 2015 08:36:49 main.py[line:162] INFO new deque_user,deque_MatchID,visited_user,visited_MatchID have been recorded
Wed, 12 Aug 2015 08:36:50 main.py[line:162] INFO new deque_user,deque_MatchID,visited_user,visited_MatchID have been recorded
Wed, 12 Aug 2015 08:36:51 main.py[line:162] INFO new deque_user,deque_MatchID,visited_user,visited_MatchID have been recorded
Wed, 12 Aug 2015 08:36:53 main.py[line:162] INFO new deque_user,deque_MatchID,visited_user,visited_MatchID have been recorded
Wed, 12 Aug 2015 08:36:54 main.py[line:162] INFO new deque_user,deque_MatchID,visited_user,visited_MatchID have been recorded
Wed, 12 Aug 2015 08:36:56 main.py[line:162] INFO new deque_user,deque_MatchID,visited_user,visited_MatchID have been recorded
Wed, 12 Aug 2015 08:36:57 main.py[line:162] INFO new deque_user,deque_MatchID,visited_user,visited_MatchID have been recorded
Wed, 12 Aug 2015 08:36:58 main.py[line:162] INFO new deque_user,deque_MatchID,visited_user,visited_MatchID have been recorded
Wed, 12 Aug 2015 08:37:00 main.py[line:162] INFO new deque_user,deque_MatchID,visited_user,visited_MatchID have been recorded
Wed, 12 Aug 2015 08:37:01 main.py[line:162] INFO new deque_user,deque_MatchID,visited_user,visited_MatchID have been recorded
Wed, 12 Aug 2015 08:37:03 main.py[line:162] INFO new deque_user,deque_MatchID,visited_user,visited_MatchID have been recorded
Wed, 12 Aug 2015 08:37:04 main.py[line:162] INFO new deque_user,deque_MatchID,visited_user,visited_MatchID have been recorded
Wed, 12 Aug 2015 08:37:06 main.py[line:162] INFO new deque_user,deque_MatchID,visited_user,visited_MatchID have been recorded
Wed, 12 Aug 2015 08:37:07 main.py[line:162] INFO new deque_user,deque_MatchID,visited_user,visited_MatchID have been recorded
Wed, 12 Aug 2015 08:37:09 main.py[line:162] INFO new deque_user,deque_MatchID,visited_user,visited_MatchID have been recorded
Wed, 12 Aug 2015 08:37:10 main.py[line:162] INFO new deque_user,deque_MatchID,visited_user,visited_MatchID have been recorded
Wed, 12 Aug 2015 08:37:12 main.py[line:162] INFO new deque_user,deque_MatchID,visited_user,visited_MatchID have been recorded
Wed, 12 Aug 2015 08:37:14 main.py[line:162] INFO new deque_user,deque_MatchID,visited_user,visited_MatchID have been recorded
Wed, 12 Aug 2015 08:37:16 main.py[line:162] INFO new deque_user,deque_MatchID,visited_user,visited_MatchID have been recorded
Wed, 12 Aug 2015 08:37:18 main.py[line:162] INFO new deque_user,deque_MatchID,visited_user,visited_MatchID have been recorded
Wed, 12 Aug 2015 08:37:19 main.py[line:162] INFO new deque_user,deque_MatchID,visited_user,visited_MatchID have been recorded
Wed, 12 Aug 2015 08:37:21 main.py[line:162] INFO new deque_user,deque_MatchID,visited_user,visited_MatchID have been recorded
Wed, 12 Aug 2015 08:37:22 main.py[line:162] INFO new deque_user,deque_MatchID,visited_user,visited_MatchID have been recorded
Wed, 12 Aug 2015 08:37:24 main.py[line:162] INFO new deque_user,deque_MatchID,visited_user,visited_MatchID have been recorded
Wed, 12 Aug 2015 08:37:26 main.py[line:162] INFO new deque_user,deque_MatchID,visited_user,visited_MatchID have been recorded
Wed, 12 Aug 2015 08:37:27 main.py[line:162] INFO new deque_user,deque_MatchID,visited_user,visited_MatchID have been recorded
Wed, 12 Aug 2015 08:37:28 main.py[line:162] INFO new deque_user,deque_MatchID,visited_user,visited_MatchID have been recorded
Wed, 12 Aug 2015 08:37:30 main.py[line:162] INFO new deque_user,deque_MatchID,visited_user,visited_MatchID have been recorded
Wed, 12 Aug 2015 08:37:32 main.py[line:162] INFO new deque_user,deque_MatchID,visited_user,visited_MatchID have been recorded
Wed, 12 Aug 2015 08:37:33 main.py[line:162] INFO new deque_user,deque_MatchID,visited_user,visited_MatchID have been recorded
Wed, 12 Aug 2015 08:37:35 main.py[line:162] INFO new deque_user,deque_MatchID,visited_user,visited_MatchID have been recorded
Wed, 12 Aug 2015 08:37:36 main.py[line:162] INFO new deque_user,deque_MatchID,visited_user,visited_MatchID have been recorded
Wed, 12 Aug 2015 08:37:38 main.py[line:162] INFO new deque_user,deque_MatchID,visited_user,visited_MatchID have been recorded
Wed, 12 Aug 2015 08:37:39 main.py[line:162] INFO new deque_user,deque_MatchID,visited_user,visited_MatchID have been recorded
Wed, 12 Aug 2015 08:37:41 main.py[line:162] INFO new deque_user,deque_MatchID,visited_user,visited_MatchID have been recorded
Wed, 12 Aug 2015 08:37:42 main.py[line:162] INFO new deque_user,deque_MatchID,visited_user,visited_MatchID have been recorded
Wed, 12 Aug 2015 08:37:43 main.py[line:162] INFO new deque_user,deque_MatchID,visited_user,visited_MatchID have been recorded
Wed, 12 Aug 2015 08:37:45 main.py[line:162] INFO new deque_user,deque_MatchID,visited_user,visited_MatchID have been recorded
Wed, 12 Aug 2015 08:37:46 main.py[line:162] INFO new deque_user,deque_MatchID,visited_user,visited_MatchID have been recorded
Wed, 12 Aug 2015 08:37:48 main.py[line:162] INFO new deque_user,deque_MatchID,visited_user,visited_MatchID have been recorded
Wed, 12 Aug 2015 08:37:49 main.py[line:162] INFO new deque_user,deque_MatchID,visited_user,visited_MatchID have been recorded
Wed, 12 Aug 2015 08:37:51 main.py[line:162] INFO new deque_user,deque_MatchID,visited_user,visited_MatchID have been recorded
Wed, 12 Aug 2015 08:37:52 main.py[line:162] INFO new deque_user,deque_MatchID,visited_user,visited_MatchID have been recorded
Wed, 12 Aug 2015 08:37:54 main.py[line:162] INFO new deque_user,deque_MatchID,visited_user,visited_MatchID have been recorded
Wed, 12 Aug 2015 08:37:55 main.py[line:162] INFO new deque_user,deque_MatchID,visited_user,visited_MatchID have been recorded
Wed, 12 Aug 2015 08:37:56 main.py[line:162] INFO new deque_user,deque_MatchID,visited_user,visited_MatchID have been recorded
Wed, 12 Aug 2015 08:48:29 main.py[line:215] INFO /*-----------------------------------*/
Wed, 12 Aug 2015 08:48:29 main.py[line:216] INFO /*--begin to init data--*/
Wed, 12 Aug 2015 08:48:29 main.py[line:190] INFO visited_user.dat inited ok
Wed, 12 Aug 2015 08:48:29 main.py[line:190] INFO visited_MatchID.dat inited ok
Wed, 12 Aug 2015 08:48:29 main.py[line:190] INFO deque_user.dat inited ok
Wed, 12 Aug 2015 08:48:29 main.py[line:192] INFO deque_MatchID.dat is None!!
Wed, 12 Aug 2015 08:48:29 main.py[line:223] INFO initing user queue..
Wed, 12 Aug 2015 08:48:29 main.py[line:224] INFO 458 users have been done
Wed, 12 Aug 2015 08:48:29 main.py[line:225] INFO the current lengh of user_sequence is 35244
Wed, 12 Aug 2015 08:48:29 main.py[line:226] INFO 4703 matches have been recorded
Wed, 12 Aug 2015 08:48:29 main.py[line:227] INFO the current lengh of deque_MatchID is 0
Wed, 12 Aug 2015 08:48:29 main.py[line:228] INFO /*-----------------------------------*/
Wed, 12 Aug 2015 08:48:29 main.py[line:240] INFO init_dat ok... 
Wed, 12 Aug 2015 08:48:29 main.py[line:244] INFO start_user_point get value:梦中的你长裙白纱
Wed, 12 Aug 2015 08:48:29 main.py[line:245] INFO begin to crawl data ... 
Wed, 12 Aug 2015 08:48:29 main.py[line:105] INFO Starting.....
Wed, 12 Aug 2015 08:48:39 main.py[line:163] INFO new deque_user,deque_MatchID,visited_user,visited_MatchID have been recorded
